#######################################################################################
# log primitive debug message of FSDB dumping                                         #
# This is for R&D to analyze when there are issues happening when FSDB dump           #
#######################################################################################
ANF: vcsd_get_serial_mode_status('simv: undefined symbol: vcsd_get_serial_mode_status')
ANF: vcsd_enable_sva_success_callback('simv: undefined symbol: vcsd_enable_sva_success_callback')
ANF: vcsd_disable_sva_success_callback('simv: undefined symbol: vcsd_disable_sva_success_callback')
ANF: vcsd_get_power_scope_name('simv: undefined symbol: vcsd_get_power_scope_name')
ANF: vcsd_dump_var_vpdg('simv: undefined symbol: vcsd_dump_var_vpdg')
ANF: vcsd_begin_no_value_var_info('simv: undefined symbol: vcsd_begin_no_value_var_info')
ANF: vcsd_end_no_value_var_info('simv: undefined symbol: vcsd_end_no_value_var_info')
ANF: vcsd_remove_xprop_merge_mode_callback('simv: undefined symbol: vcsd_remove_xprop_merge_mode_callback')
ANF: vhpi_get_cb_info('simv: undefined symbol: vhpi_get_cb_info')
ANF: vhpi_free_handle('simv: undefined symbol: vhpi_free_handle')
ANF: vhpi_fetch_vcsd_handle('simv: undefined symbol: vhpi_fetch_vcsd_handle')
ANF: vhpi_fetch_vpi_handle('simv: undefined symbol: vhpi_fetch_vpi_handle')
ANF: vhpi_has_verilog_parent('simv: undefined symbol: vhpi_has_verilog_parent')
ANF: vhpi_is_verilog_scope('simv: undefined symbol: vhpi_is_verilog_scope')
ANF: scsd_xprop_is_enabled('simv: undefined symbol: scsd_xprop_is_enabled')
ANF: scsd_xprop_sig_is_promoted('simv: undefined symbol: scsd_xprop_sig_is_promoted')
ANF: scsd_xprop_int_xvalue('simv: undefined symbol: scsd_xprop_int_xvalue')
ANF: scsd_xprop_bool_xvalue('simv: undefined symbol: scsd_xprop_bool_xvalue')
ANF: scsd_xprop_enum_xvalue('simv: undefined symbol: scsd_xprop_enum_xvalue')
ANF: scsd_xprop_register_merge_mode_cb('simv: undefined symbol: scsd_xprop_register_merge_mode_cb')
ANF: scsd_xprop_delete_merge_mode_cb('simv: undefined symbol: scsd_xprop_delete_merge_mode_cb')
ANF: scsd_xprop_get_merge_mode('simv: undefined symbol: scsd_xprop_get_merge_mode')
ANF: scsd_thread_get_info('simv: undefined symbol: scsd_thread_get_info')
ANF: scsd_thread_vc_init('simv: undefined symbol: scsd_thread_vc_init')
ANF: scsd_master_set_delta_sync_cbk('simv: undefined symbol: scsd_master_set_delta_sync_cbk')
ANF: scsd_fgp_get_fsdb_cores('simv: undefined symbol: scsd_fgp_get_fsdb_cores')
ANF: scsd_fgp_get_is_cpu_affinity_disabled('simv: undefined symbol: scsd_fgp_get_is_cpu_affinity_disabled')
ANF: vdi_dt_get_vlog_variant_size_array_info('simv: undefined symbol: vdi_dt_get_vlog_variant_size_array_info')
ANF: vdi_flat_node_get_total_bit_size('simv: undefined symbol: vdi_flat_node_get_total_bit_size')
ANF: vhdi_dt_get_type('simv: undefined symbol: vhdi_dt_get_type')
ANF: vhdi_dt_get_key('simv: undefined symbol: vhdi_dt_get_key')
ANF: vhdi_dt_get_vhdl_enum_info('simv: undefined symbol: vhdi_dt_get_vhdl_enum_info')
ANF: vhdi_dt_get_vhdl_physical_info('simv: undefined symbol: vhdi_dt_get_vhdl_physical_info')
ANF: vhdi_dt_get_vhdl_array_info('simv: undefined symbol: vhdi_dt_get_vhdl_array_info')
ANF: vhdi_dt_get_vhdl_record_info('simv: undefined symbol: vhdi_dt_get_vhdl_record_info')
ANF: vhdi_dt_get_vhdl_integer_range_info('simv: undefined symbol: vhdi_dt_get_vhdl_integer_range_info')
ANF: vhdi_def_traverse_module('simv: undefined symbol: vhdi_def_traverse_module')
ANF: vhdi_def_traverse_scope('simv: undefined symbol: vhdi_def_traverse_scope')
ANF: vhdi_def_traverse_variable('simv: undefined symbol: vhdi_def_traverse_variable')
ANF: vhdi_def_get_module_id_by_vhpi('simv: undefined symbol: vhdi_def_get_module_id_by_vhpi')
ANF: vhdi_def_get_handle_by_module_id('simv: undefined symbol: vhdi_def_get_handle_by_module_id')
ANF: vhdi_def_get_variable_info_by_vhpi('simv: undefined symbol: vhdi_def_get_variable_info_by_vhpi')
ANF: vhdi_def_free('simv: undefined symbol: vhdi_def_free')
ANF: vhdi_ist_traverse_scope('simv: undefined symbol: vhdi_ist_traverse_scope')
ANF: vhdi_ist_traverse_variable('simv: undefined symbol: vhdi_ist_traverse_variable')
ANF: vhdi_ist_convert_by_vhpi('simv: undefined symbol: vhdi_ist_convert_by_vhpi')
ANF: vhdi_ist_clone('simv: undefined symbol: vhdi_ist_clone')
ANF: vhdi_ist_free('simv: undefined symbol: vhdi_ist_free')
ANF: vhdi_ist_hash_key('simv: undefined symbol: vhdi_ist_hash_key')
ANF: vhdi_ist_compare('simv: undefined symbol: vhdi_ist_compare')
ANF: vhdi_ist_get_value_addr('simv: undefined symbol: vhdi_ist_get_value_addr')
ANF: vhdi_set_scsd_callback('simv: undefined symbol: vhdi_set_scsd_callback')
ANF: vhdi_cbk_set_force_callback('simv: undefined symbol: vhdi_cbk_set_force_callback')
ANF: vhdi_trigger_init_force('simv: undefined symbol: vhdi_trigger_init_force')
ANF: vhdi_ist_check_scsd_callback('simv: undefined symbol: vhdi_ist_check_scsd_callback')
ANF: vhdi_ist_add_scsd_callback('simv: undefined symbol: vhdi_ist_add_scsd_callback')
ANF: vhdi_ist_remove_scsd_callback('simv: undefined symbol: vhdi_ist_remove_scsd_callback')
ANF: vhdi_ist_get_scsd_user_data('simv: undefined symbol: vhdi_ist_get_scsd_user_data')
ANF: vhdi_add_time_change_callback('simv: undefined symbol: vhdi_add_time_change_callback')
ANF: vhdi_get_real_value_by_value_addr('simv: undefined symbol: vhdi_get_real_value_by_value_addr')
ANF: vhdi_get_64_value_by_value_addr('simv: undefined symbol: vhdi_get_64_value_by_value_addr')
ANF: vhdi_xprop_inst_is_promoted('simv: undefined symbol: vhdi_xprop_inst_is_promoted')
ANF: vdi_ist_convert_by_vhdi('simv: undefined symbol: vdi_ist_convert_by_vhdi')
ANF: vhdi_ist_get_module_id('simv: undefined symbol: vhdi_ist_get_module_id')
ANF: vhdi_refine_foreign_scope_type('simv: undefined symbol: vhdi_refine_foreign_scope_type')
ANF: vhdi_flush_callback('simv: undefined symbol: vhdi_flush_callback')
ANF: vhdi_set_orig_name('simv: undefined symbol: vhdi_set_orig_name')
ANF: vhdi_set_dump_pt('simv: undefined symbol: vhdi_set_dump_pt')
ANF: vhdi_set_int_subtype('simv: undefined symbol: vhdi_set_int_subtype')
ANF: vhdi_set_fixed_point('simv: undefined symbol: vhdi_set_fixed_point')
ANF: vhdi_get_fsdb_option('simv: undefined symbol: vhdi_get_fsdb_option')
ANF: vhdi_fgp_get_mode('simv: undefined symbol: vhdi_fgp_get_mode')
ANF: vhdi_node_register_composite_var('simv: undefined symbol: vhdi_node_register_composite_var')
ANF: vhdi_node_analysis('simv: undefined symbol: vhdi_node_analysis')
ANF: vhdi_node_id('simv: undefined symbol: vhdi_node_id')
ANF: vhdi_node_ist_check_scsd_callback('simv: undefined symbol: vhdi_node_ist_check_scsd_callback')
ANF: vhdi_node_ist_add_scsd_callback('simv: undefined symbol: vhdi_node_ist_add_scsd_callback')
ANF: vhdi_node_ist_get_value_addr('simv: undefined symbol: vhdi_node_ist_get_value_addr')
ANF: vhdi_enc_def_traverse_module('simv: undefined symbol: vhdi_enc_def_traverse_module')
ANF: vhdi_enc_def_traverse_scope('simv: undefined symbol: vhdi_enc_def_traverse_scope')
ANF: vhdi_enc_def_traverse_variable('simv: undefined symbol: vhdi_enc_def_traverse_variable')
ANF: vhdi_enc_ist_traverse_scope('simv: undefined symbol: vhdi_enc_ist_traverse_scope')
ANF: vhdi_enc_ist_traverse_variable('simv: undefined symbol: vhdi_enc_ist_traverse_variable')
ANF: vhdi_enc_ist_get_module_id('simv: undefined symbol: vhdi_enc_ist_get_module_id')
ANF: vhdi_enc_def_get_handle_by_module_id('simv: undefined symbol: vhdi_enc_def_get_handle_by_module_id')
VCS compile option:
 option[0]: simv
 option[1]: -a
 option[2]: vcs.log
 option[3]: +stdout=run.log
 option[4]: +define
 option[5]: +define+UVM_CMDLINE_NO_DPI
 option[6]: +define+UVM_REGEX_NO_DPI
 option[7]: /usr/cad/synopsys/vcs/cur/linux64/bin/vcs1
 option[8]: -Mcc=gcc
 option[9]: -Mcplusplus=g++
 option[10]: -Masflags=
 option[11]: -Mcfl= -pipe -fPIC -O -I/usr/cad/synopsys/vcs/cur/include 
 option[12]: -Mxllcflags=
 option[13]: -Mxcflags= -pipe -fPIC -I/usr/cad/synopsys/vcs/cur/include
 option[14]: -Mldflags= -rdynamic 
 option[15]: -Mout=simv
 option[16]: -Mamsrun=
 option[17]: -Mvcsaceobjs=
 option[18]: -Mobjects= /usr/cad/synopsys/vcs/cur/linux64/lib/libvirsim.so /usr/cad/synopsys/vcs/cur/linux64/lib/liberrorinf.so /usr/cad/synopsys/vcs/cur/linux64/lib/libsnpsmalloc.so /usr/cad/synopsys/vcs/cur/linux64/lib/libvfs.so 
 option[19]: -Mexternalobj=
 option[20]: -Msaverestoreobj=/usr/cad/synopsys/vcs/cur/linux64/lib/vcs_save_restore_new.o
 option[21]: -Mcrt0=
 option[22]: -Mcrtn=
 option[23]: -Mcsrc=
 option[24]: -Msyslibs=/usr/cad/synopsys/verdi/cur/share/PLI/VCS/LINUX64/pli.a -ldl 
 option[25]: -l
 option[26]: vcs.log
 option[27]: -Xvcs_run_simv=1
 option[28]: -full64
 option[29]: -debug_access+all
 option[30]: +vpi
 option[31]: +vcsd1
 option[32]: +itf+/usr/cad/synopsys/vcs/cur/linux64/lib/vcsdp_lite.tab
 option[33]: +stdout=run.log
 option[34]: +define
 option[35]: +define+UVM_CMDLINE_NO_DPI
 option[36]: +define+UVM_REGEX_NO_DPI
 option[37]: -picarchive
 option[38]: -P
 option[39]: /usr/cad/synopsys/verdi/cur/share/PLI/VCS/LINUX64/verdi.tab
 option[40]: -fsdb
 option[41]: -sverilog
 option[42]: -gen_obj
 option[43]: ./uvm-core-2020.3.1/src/uvm.sv
 option[44]: tb.sv
 option[45]: +incdir+./uvm-core-2020.3.1/src
 option[46]: +incdir+./src
 option[47]: -load
 option[48]: /usr/cad/synopsys/verdi/cur/share/PLI/VCS/LINUX64/libnovas.so:FSDBDumpCmd
Chronologic Simulation VCS Release U-2023.03-SP2_Full64
Linux 3.10.0-1160.el7.x86_64 #1 SMP Tue Aug 18 14:50:17 EDT 2020 x86_64
CPU cores: 192
Limit information:
======================================
cputime		unlimited
filesize		unlimited
datasize		unlimited
stacksize		8309 kbytes
coredumpsize		0 kbytes
memoryuse		unlimited
vmemoryuse		unlimited
descriptors		4096
memorylocked		64 kbytes
maxproc		4096
======================================
(Special)Runtime environment variables:

Runtime environment variables:
SYNOPSYS_LC_ROOT=/usr/cad/synopsys/lc/cur/bin
MANPATH=/usr/cad/synopsys/lc/2021.06-sp1//doc/lc/man:/usr/cad/synopsys/synthesis/cur/doc/syn/man:/usr/cad/synopsys/star-rcxt/2023.12-sp2//starrc/man
SNPS_VCS_INTERNAL_MAKE_OPT=
XDG_SESSION_ID=64753
TMIARCH=RH_64
TERM_PROGRAM=vscode
XLOCALEDIR=/usr/cad/synopsys/icc2/2020.09-sp3/etc/locale
UNAME=/bin/uname
SELINUX_ROLE_REQUESTED=
SSL_CERT_FILE=/etc/pki/ca-trust/extracted/pem/tls-ca-bundle.pem
SNPS_VCS_PYTHON3=/usr/cad/synopsys/vcs/cur/linux64/bin/Python-3.6.1/bin/python3
SCRNAME=vcs
VCS_DEPTH=0
HOST=superdome2
TERM=xterm-256color
SHELL=/bin/bash
MAKEFLAGS=
SSH_CLIENT=140.116.187.188 50907 22
TERM_PROGRAM_VERSION=1.95.2
SELINUX_USE_CURRENT_RANGE=
CDS_LOAD_ENV=CSF
VCS_LOG_FILE=vcs.log
QTDIR=/usr/lib64/qt-3.3
HSP_GCC_VERSION=7.3.0
MGC_LOCATION_MAP=NO_MAP
QTINC=/usr/lib64/qt-3.3/include
LC_ALL=C
SNPS_VCS_INTERNAL_ROOT_PID=71852
SPAPI_AHDL_INCLUDE=/usr/cad/synopsys/hspice/2020.03-sp2-2/hspice/include
QT_GRAPHICSSYSTEM_CHECKED=1
GROUP=lphp
HSP_HOME=/usr/cad/synopsys/hspice/2020.03-sp2-2/hspice
USER=wayne111
LD_LIBRARY_PATH=/usr/cad/synopsys/vcs/cur/lib:/usr/cad/synopsys/vcs/cur/linux64/lib:/opt/gcc-11.2/lib64:/usr/lib:/usr/lib64:/lib:/lib64:::/usr/cad/cadence/SPECTRE/SPECTRE_19.10.322//tools/lib/64bit:/usr/cad/cadence/SPECTRE/SPECTRE_19.10.322//tools/lib64:/usr/cad/cadence/SPECTRE/SPECTRE_19.10.322//tools/lib::/usr/cad/cadence/IC/IC_06.18.180/tools/lib:/usr/cad/cadence/IC/IC_06.18.180/tools/lib/64bit:/usr/cad/cadence/IC/IC_06.18.180/tools/lib64::/usr/cad/cadence/XCELIUM/XCELIUM_20.09.007//tools/lib/64bit:/usr/cad/cadence/XCELIUM/XCELIUM_20.09.007//tools/lib64:/usr/cad/cadence/XCELIUM/XCELIUM_20.09.007//tools/lib::/usr/cad/cadence/INNOVUS/INNOVUS_20.15.000//tools/lib/64bit:/usr/cad/cadence/INNOVUS/INNOVUS_20.15.000//tools/lib64:/usr/cad/cadence/INNOVUS/INNOVUS_20.15.000//tools/lib:::/usr/cad/synopsys/verdi/cur/share/PLI/IUS/LINUX64:/usr/cad/synopsys/verdi/cur/share/PLI/VCS/LINUX64:/usr/cad/synopsys/verdi/cur/share/PLI/MODELSIM/LINUX64:/usr/cad/synopsys/verdi/cur/etc/lib/libstdc++/LINUX64/:/usr/cad/synopsys/verdi/cur/share/PLI/VCS/LINUX64/:::/usr/cad/synopsys/star-rcxt/2023.12-sp2//linux64_starrc/lib/::::/usr/cad/synopsys/customcompiler/2020.12-sp1-2//linux64/lib::::::/usr/cad/synopsys/milkyway/2022.12-sp6//lib/linux64/:
LS_COLORS=rs=0:di=38;5;27:ln=38;5;51:mh=44;38;5;15:pi=40;38;5;11:so=38;5;13:do=38;5;5:bd=48;5;232;38;5;11:cd=48;5;232;38;5;3:or=48;5;232;38;5;9:mi=05;48;5;232;38;5;15:su=48;5;196;38;5;15:sg=48;5;11;38;5;16:ca=48;5;196;38;5;226:tw=48;5;10;38;5;16:ow=48;5;10;38;5;21:st=48;5;21;38;5;15:ex=38;5;34:*.tar=38;5;9:*.tgz=38;5;9:*.arc=38;5;9:*.arj=38;5;9:*.taz=38;5;9:*.lha=38;5;9:*.lz4=38;5;9:*.lzh=38;5;9:*.lzma=38;5;9:*.tlz=38;5;9:*.txz=38;5;9:*.tzo=38;5;9:*.t7z=38;5;9:*.zip=38;5;9:*.z=38;5;9:*.Z=38;5;9:*.dz=38;5;9:*.gz=38;5;9:*.lrz=38;5;9:*.lz=38;5;9:*.lzo=38;5;9:*.xz=38;5;9:*.bz2=38;5;9:*.bz=38;5;9:*.tbz=38;5;9:*.tbz2=38;5;9:*.tz=38;5;9:*.deb=38;5;9:*.rpm=38;5;9:*.jar=38;5;9:*.war=38;5;9:*.ear=38;5;9:*.sar=38;5;9:*.rar=38;5;9:*.alz=38;5;9:*.ace=38;5;9:*.zoo=38;5;9:*.cpio=38;5;9:*.7z=38;5;9:*.rz=38;5;9:*.cab=38;5;9:*.jpg=38;5;13:*.jpeg=38;5;13:*.gif=38;5;13:*.bmp=38;5;13:*.pbm=38;5;13:*.pgm=38;5;13:*.ppm=38;5;13:*.tga=38;5;13:*.xbm=38;5;13:*.xpm=38;5;13:*.tif=38;5;13:*.tiff=38;5;13:*.png=38;5;13:*.svg=38;5;13:*.svgz=38;5;13:*.mng=38;5;13:*.pcx=38;5;13:*.mov=38;5;13:*.mpg=38;5;13:*.mpeg=38;5;13:*.m2v=38;5;13:*.mkv=38;5;13:*.webm=38;5;13:*.ogm=38;5;13:*.mp4=38;5;13:*.m4v=38;5;13:*.mp4v=38;5;13:*.vob=38;5;13:*.qt=38;5;13:*.nuv=38;5;13:*.wmv=38;5;13:*.asf=38;5;13:*.rm=38;5;13:*.rmvb=38;5;13:*.flc=38;5;13:*.avi=38;5;13:*.fli=38;5;13:*.flv=38;5;13:*.gl=38;5;13:*.dl=38;5;13:*.xcf=38;5;13:*.xwd=38;5;13:*.yuv=38;5;13:*.cgm=38;5;13:*.emf=38;5;13:*.axv=38;5;13:*.anx=38;5;13:*.ogv=38;5;13:*.ogx=38;5;13:*.aac=38;5;45:*.au=38;5;45:*.flac=38;5;45:*.mid=38;5;45:*.midi=38;5;45:*.mka=38;5;45:*.mp3=38;5;45:*.mpc=38;5;45:*.ogg=38;5;45:*.ra=38;5;45:*.wav=38;5;45:*.axa=38;5;45:*.oga=38;5;45:*.spx=38;5;45:*.xspf=38;5;45:
SCRIPT_NAME=vcs
VCS_MX_HOME_INTERNAL=1
HOSTTYPE=x86_64-linux
installdir=/usr/cad/synopsys/hspice/2020.03-sp2-2/hspice
SNPS_VCS_CLANG_PATH=/usr/cad/synopsys/vcs/cur/linux64/clang
MAKELEVEL=1
CMIARCH=RH_64
OVA_UUM=0
MFLAGS=
VCS_MODE_FLAG=64
SYNOPSYS_NCX_ROOT=/usr/cad/synopsys/star-rcxt/2023.12-sp2/
VC_STATIC_HOME=/usr/cad/synopsys/vc_formal/cur/
MAIL=/var/spool/mail/wayne111
PATH=.:/opt/llvm/bin:/usr/local/sbin:/usr/local/bin:/usr/sbin:/usr/bin:/sbin:/bin:/opt/RISCV/bin:/usr/cad/mentor/calibre/aoi_cal_2019.2_26.18//bin:/usr/cad/cadence/JASPER/jasper_2022.03p002/bin:/usr/cad/cadence/SPECTRE/SPECTRE_19.10.322//tools/bin/64bit:/usr/cad/cadence/SPECTRE/SPECTRE_19.10.322//tools/dfII/bin/64bit:/usr/cad/cadence/SPECTRE/SPECTRE_19.10.322//tools/bin:/usr/cad/cadence/SPECTRE/SPECTRE_19.10.322//tools/dfII/bin:/usr/cad/cadence/IC/IC_06.18.180/tools/bin:/usr/cad/cadence/IC/IC_06.18.180/tools/dracula/bin:/usr/cad/cadence/IC/IC_06.18.180/tools/dfII/bin:/usr/cad/cadence/IC/IC_06.18.180/tools/bin/64bit:/usr/cad/cadence/IC/IC_06.18.180/tools/dracula/bin/64bit:/usr/cad/cadence/IC/IC_06.18.180/tools/dfII/bin/64bit:/usr/cad/cadence/XCELIUM/XCELIUM_20.09.007//tools/bin/64bit:/usr/cad/cadence/XCELIUM/XCELIUM_20.09.007//tools/bin:/usr/cad/cadence/INNOVUS/INNOVUS_20.15.000//tools/bin/64bit:/usr/cad/cadence/INNOVUS/INNOVUS_20.15.000//tools/bin:/usr/cad/synopsys/vcs/cur/bin:/usr/cad/synopsys/vcs/cur/amd64/bin:/usr/cad/synopsys/vcs/cur/amd64/util:/usr/cad/synopsys/vcs/cur/amd64/flexlm:/usr/cad/synopsys/spyglass/2023.03//SPYGLASS_HOME/bin:/usr/cad/synopsys/verdi/cur/bin:/usr/cad/synopsys/verdi/cur/nLint/bin:/usr/cad/synopsys/primetime/2019.03-sp5-1//amd64/syn/bin:/usr/cad/synopsys/icvalidator/2021.06-sp2/bin/LINUX64_L31el:/usr/cad/synopsys/icvalidator/2021.06-sp2/bin:/usr/cad/synopsys/star-rcxt/2023.12-sp2//bin:/usr/cad/synopsys/laker_oa/2023.09//bin:/usr/cad/synopsys/customexplorer/cur/bin:/usr/cad/synopsys/hspice/2020.03-sp2-2/hspice/bin:/usr/cad/synopsys/hspice/2020.03-sp2-2/hspice/GNU/linux64/gcc/bin:/usr/cad/synopsys/hspice/2020.03-sp2-2/hspice/linux64:/usr/bin:/usr/ucb/bin:/usr/cad/synopsys/hspice/2020.03-sp2-2//hspice/bin:/usr/cad/synopsys/customcompiler/2020.12-sp1-2//bin:/usr/cad/synopsys/customcompiler/2020.12-sp1-2//primewave/bin:/usr/bin/X11:/usr/cad/synopsys/coreConsultant/cur/bin:/usr/cad/synopsys/synthesis/cur/amd64/syn/bin:/usr/cad/synopsys/lc/cur/bin:/usr/cad/synopsys/lc/2021.06-sp1//bin:/usr/cad/synopsys/vc_formal/cur/bin:/usr/cad/synopsys/euclide/2023.03-sp2//bin:/usr/cad/synopsys/icc2/2020.09-sp3/bin:/usr/cad/synopsys/icc/2022.12-sp6//amd64/syn/bin:/usr/cad/synopsys/milkyway/2022.12-sp6//bin/linux64:/home/user2/ms111/wayne111/.vscode-server/cli/servers/Stable-e8653663e8840adaf45af01eab5c627a5af81807/server/bin/remote-cli:/usr/lib64/qt-3.3/bin:/usr/local/bin:/usr/bin
SNPS_VCS_INTERNAL_CURR_PID=71852
VERDI_HOME=/usr/cad/synopsys/verdi/cur
CALIBRE_HOME=/usr/cad/mentor/calibre/aoi_cal_2019.2_26.18/
PWD=/home/user2/ms111/wayne111/dv_test
VCS_HOME=/usr/cad/synopsys/vcs/cur
SNPS_VCS_INTERNAL_MEMPRELOAD_USE_LIBC=1
SNPS_INTERNAL_VCS_LINUX_OS=linux
LANG=en_US.utf8
Laker_TCL_ToolBox=1
SYNTHESIS=/usr/cad/synopsys/synthesis/cur
KDEDIRS=/usr
LLVM=/opt/llvm
VSCODE_GIT_ASKPASS_EXTRA_ARGS=
VMR_MODE_FLAG=64
SELINUX_LEVEL_REQUESTED=
CDSHOME=/usr/cad/cadence/IC/IC_06.18.180
CDS_Netlisting_Mode=Analog
SYNOPSYS=/usr/cad/synopsys/synthesis/cur/
LM_LICENSE_FILE=5280@vlsicad8:1717@lstn:1717@lstc:1717@lshc:5280@lstn:5280@lstc:5280@lshc:26585@lstn:26585@lstc:26585@lshc:
SSL_CERT_DIR=/etc/pki/tls/certs
VCS_ARG_ADDED_FOR_TMP=1
SNPS_VCS_TMPDIR=/tmp/vcs_20250115082708_71852
HSP_GCC=/usr/cad/synopsys/hspice/2020.03-sp2-2/hspice/GNU/linux64/gcc/bin/gcc -m64 
SHLVL=6
HOME=/home/user2/ms111/wayne111
OSTYPE=linux
VSCODE_GIT_ASKPASS_MAIN=/home/user2/ms111/wayne111/.vscode-server/cli/servers/Stable-e8653663e8840adaf45af01eab5c627a5af81807/server/extensions/git/dist/askpass-main.js
Laker_TCL_L3=1
MGC_HOME=/usr/cad/mentor/calibre/aoi_cal_2019.2_26.18/
ICV_HOME_DIR=/usr/cad/synopsys/icvalidator/2021.06-sp2
CDS_AUTO_64BIT=ALL
SYNOPSYS_SYSTYPE=LINUX64_L31el
SNPS_64=1
EUCLIDE_HOME=/usr/cad/synopsys/euclide/2023.03-sp2/
VCS_COM=/usr/cad/synopsys/vcs/cur/linux64/bin/vcs1
SNPS_PLATFORM=linux64
HSP_SIGMA_AMP=/usr/cad/synopsys/hspice/2020.03-sp2-2/hspice/linux64/python/Omega/Omega
MGC_TMPDIR=/tmp
VENDOR=unknown
LOGNAME=wayne111
MACHTYPE=x86_64
SNPS_VCS_INTERNAL_MAKE=make
QTLIB=/usr/lib64/qt-3.3/lib
SNPS_VCS_INTERNAL_ROOT_START_TIME=1736929628.996116183
VSCODE_GIT_IPC_HANDLE=/run/user/1373/vscode-git-c6724bca9c.sock
SSH_CONNECTION=140.116.187.188 50907 192.168.200.238 22
XDG_DATA_DIRS=/home/user2/ms111/wayne111/.local/share/flatpak/exports/share:/var/lib/flatpak/exports/share:/usr/local/share:/usr/share
mraarch=linux_64
VSCODE_IPC_HOOK_CLI=/run/user/1373/vscode-ipc-53fc0058-e0ed-45e5-98c6-5fa08c524032.sock
LESSOPEN=||/usr/bin/lesspipe.sh %s
BROWSER=/home/user2/ms111/wayne111/.vscode-server/cli/servers/Stable-e8653663e8840adaf45af01eab5c627a5af81807/server/bin/helpers/browser.sh
SHLIB_PATH=/usr/cad/synopsys/verdi/cur/etc/lib/libstdc++/LINUX64/:
sysc_uni_pwd=/home/user2/ms111/wayne111/dv_test
GIT_ASKPASS=/home/user2/ms111/wayne111/.vscode-server/cli/servers/Stable-e8653663e8840adaf45af01eab5c627a5af81807/server/extensions/git/dist/askpass.sh
VSCODE_GIT_ASKPASS_NODE=/home/user2/ms111/wayne111/.vscode-server/cli/servers/Stable-e8653663e8840adaf45af01eab5c627a5af81807/server/node
CDPL_HOME=/usr/cad/synopsys/hspice/2020.03-sp2-2/hspice/cdpl
XDG_RUNTIME_DIR=/run/user/1373
VCS_ARCH=linux64
SYN_MAN_DIR=/usr/cad/synopsys/star-rcxt/2023.12-sp2//starrc/man
QT_PLUGIN_PATH=/usr/lib64/kde4/plugins:/usr/lib/kde4/plugins
TOOL_HOME=/usr/cad/synopsys/vcs/cur/linux64
COLORTERM=truecolor
_=./simv
OLDPWD=/home/user2/ms111/wayne111/dv_test/simv.daidir/debug_dump/fsearch
VCS_PATHMAP_PRELOAD_DONE=1
VCS_EXEC_DONE=1
DVE=/usr/cad/synopsys/vcs/cur/gui/dve
SPECMAN_OUTPUT_TO_TTY=1
FLEXLM_BORROWFILE=/home/user2/ms111/wayne111/.superdome2-borrow.txt
Runtime command line arguments:
argv[0]=simv
argv[1]=-a
argv[2]=vcs.log
argv[3]=+stdout=run.log
argv[4]=+define
argv[5]=+define+UVM_CMDLINE_NO_DPI
argv[6]=+define+UVM_REGEX_NO_DPI
284 profile - 100
          CPU/Mem usage: 0.060 sys,  0.210 user,  295.56M mem
285 Elapsed time:    0:00:01    Wed Jan 15 16:27:32 2025
286 User CPU time used: 0 seconds
287 System CPU time used: 0 seconds
288 pliAppInit
289 [SC]Init: MemoryConsumed=0.00MB ElapsedTime=0hour 0min. 0sec.
290 FSDB_GATE is set.
291 FSDB_RTL is set.
292 FSDB_ALIAS_ARRAY_ELEM is set to 4294967295.
293 Enable Parallel Dumping.
294 pliAppMiscSet: New Sim Round
295 pliEntryInit
296 LIBSSCORE=found /usr/cad/synopsys/verdi/cur/share/PLI/lib/LINUXAMD64/libsscore_vcs202303.so through $NOVAS_HOME setting.
297 FSDB Dumper for VCS, Release Verdi_U-2023.03-SP2, Linux x86_64/64bit, 08/28/2023
298 (C) 1996 - 2023 by Synopsys, Inc.
299 sps_call_fsdbDumpfile_main at 0 : tb.sv(120)
300 argv[0]: (top.fsdb)
301 *Verdi* FSDB WARNING: The FSDB file already exists. Overwriting the FSDB file may crash the programs that are using this file.
302 *Verdi* : Create FSDB file 'top.fsdb'
303 [spi_vcs_vd_ppi_create_root]: no upf option
304 compile option from '/home/user2/ms111/wayne111/dv_test/simv.daidir/vcs_rebuild'.
305   "vcs '-R' '-full64' '-sverilog' './uvm-core-2020.3.1/src/uvm.sv' 'tb.sv' '-l' 'vcs.log' '-debug_access+all' '+stdout=run.log' '+incdir+./uvm-core-2020.3.1/src' '+incdir+./src' '+define' '+define+UVM_CMDLINE_NO_DPI' '+define+UVM_REGEX_NO_DPI' 2>&1"
306 DVDI_is_vir_unload_enabled is enable
307 FSDB_VCS_ENABLE_NATIVE_VC is enable
308 sps_call_fsdbDumpvars_vd_main at 0 : tb.sv(121)
309 argv[0]: (0)
310 argv[1]: (handle) tb.dut
311 *Verdi* : Begin traversing the scope (tb.dut), layer (0).
312 *Verdi* : End of traversing.
313 pliAppHDL_DumpVarComplete traverse var: profile - 
          CPU/Mem usage: 0.070 sys,  0.240 user,  410.73M mem
                   incr: 0.000 sys,  0.000 user,  6.00M mem
                   accu: 0.000 sys,  0.000 user,  6.00M mem
              accu incr: 0.000 sys,  0.000 user,  6.00M mem

          Count usage: 26 var,  26 idcode,  26 callback
                 incr: 26 var,  26 idcode,  26 callback
                 accu: 26 var,  26 idcode,  26 callback
            accu incr: 26 var,  26 idcode,  26 callback
314 Elapsed time:    0:00:01    Wed Jan 15 16:27:32 2025
315 User CPU time used: 0 seconds
316 System CPU time used: 0 seconds
317 pliAppHDL_DumpVarComplete: profile - 
          CPU/Mem usage: 0.070 sys,  0.240 user,  411.79M mem
                   incr: 0.000 sys,  0.000 user,  1.05M mem
                   accu: 0.000 sys,  0.000 user,  7.05M mem
              accu incr: 0.000 sys,  0.000 user,  1.05M mem

          Count usage: 26 var,  26 idcode,  26 callback
                 incr: 0 var,  0 idcode,  0 callback
                 accu: 26 var,  26 idcode,  26 callback
            accu incr: 0 var,  0 idcode,  0 callback
318 Elapsed time:    0:00:01    Wed Jan 15 16:27:32 2025
319 User CPU time used: 0 seconds
320 System CPU time used: 0 seconds
321 End of simulation at 0
322 Memory usage: 415.588 M
323 Maximum resident set size: 105 MB
324 Hard page faults: 0
325 Soft page faults: 40700
326 Elapsed time:    0:00:01    Wed Jan 15 16:27:32 2025
327 User CPU time used: 0 seconds
328 System CPU time used: 0 seconds
329 Begin FSDB profile info:
330 FSDB Writer : bc1(11) bcn(15) mtf/stf(0/0)
FSDB Writer elapsed time : flush(0.006521) io wait(0.000000) theadpool wait(0.000000)
FSDB Writer cpu time : MT Compression : 0
331 End FSDB profile info
332 FSDB closed. Name: top.fsdb Size: 8731
333 Parallel profile     - ProducerThread:1 ConsumerThread:1 Buffer:64MB
334                      - BlockUsed:1 Acquire:0 BufferUsed:0
335                      - Flush:3 Expand:0 ProducerWait:0 ConsumerWait:0
336                      - MainProducerTime:0.351139560 TotalConsumerTime:0.000000000
337                      - ElapsedTime:0.322329000
338 Producer   0 profile - BlockUsed:1 Acquire:0 BufferUsed:0
339 Consumer   0 profile - Affinity:-1 CPUTime:0.000000000 LifeTime:0.000000000 (-nan%)
340                      - BlockUsed:1 Acquire:0 BufferUsed:0
341 SimExit
342 Elapsed time:    0:00:01    Wed Jan 15 16:27:32 2025
343 User CPU time used: 0 seconds
344 System CPU time used: 0 seconds
345 Sim process exit
